# JRE version: OpenJDK Runtime Environment (8.0_202-b03) (build 1.8.0_202-release-1483-b03)
# Java VM: OpenJDK 64-Bit Server VM (25.202-b03 mixed mode windows-amd64 compressed oops)
Heap:
 PSYoungGen      total 348672K, used 21917K [0x00000000e0000000, 0x0000000100000000, 0x0000000100000000)
  eden space 272384K, 8% used [0x00000000e0000000,0x00000000e15674c0,0x00000000f0a00000)
  from space 76288K, 0% used [0x00000000f0a00000,0x00000000f0a00000,0x00000000f5480000)
  to   space 111104K, 0% used [0x00000000f9380000,0x00000000f9380000,0x0000000100000000)
 ParOldGen       total 283648K, used 137653K [0x00000000a0000000, 0x00000000b1500000, 0x00000000e0000000)
  object space 283648K, 48% used [0x00000000a0000000,0x00000000a866d4b0,0x00000000b1500000)
 Metaspace       used 93347K, capacity 96756K, committed 100312K, reserved 1136640K
  class space    used 11636K, capacity 12311K, committed 12800K, reserved 1048576K
GC Heap History (10 events):
Event: 5969.885 GC heap before
{Heap before GC invocations=30 (full 4):
 PSYoungGen      total 276992K, used 248117K [0x00000000e0000000, 0x00000000f4380000, 0x0000000100000000)
  eden space 236544K, 100% used [0x00000000e0000000,0x00000000ee700000,0x00000000ee700000)
  from space 40448K, 28% used [0x00000000ee700000,0x00000000ef24d768,0x00000000f0e80000)
  to   space 38400K, 0% used [0x00000000f1e00000,0x00000000f1e00000,0x00000000f4380000)
 ParOldGen       total 224256K, used 135032K [0x00000000a0000000, 0x00000000adb00000, 0x00000000e0000000)
  object space 224256K, 60% used [0x00000000a0000000,0x00000000a83de218,0x00000000adb00000)
 Metaspace       used 94271K, capacity 98038K, committed 98136K, reserved 1134592K
  class space    used 11854K, capacity 12606K, committed 12672K, reserved 1048576K
Event: 5970.066 GC heap after
Heap after GC invocations=30 (full 4):
 PSYoungGen      total 276992K, used 38391K [0x00000000e0000000, 0x00000000f7280000, 0x0000000100000000)
  eden space 238592K, 0% used [0x00000000e0000000,0x00000000e0000000,0x00000000ee900000)
  from space 38400K, 99% used [0x00000000f1e00000,0x00000000f437dca8,0x00000000f4380000)
  to   space 54272K, 0% used [0x00000000ee900000,0x00000000ee900000,0x00000000f1e00000)
 ParOldGen       total 224256K, used 160199K [0x00000000a0000000, 0x00000000adb00000, 0x00000000e0000000)
  object space 224256K, 71% used [0x00000000a0000000,0x00000000a9c71c98,0x00000000adb00000)
 Metaspace       used 94271K, capacity 98038K, committed 98136K, reserved 1134592K
  class space    used 11854K, capacity 12606K, committed 12672K, reserved 1048576K
}
Event: 5974.032 GC heap before
{Heap before GC invocations=31 (full 4):
 PSYoungGen      total 276992K, used 276983K [0x00000000e0000000, 0x00000000f7280000, 0x0000000100000000)
  eden space 238592K, 100% used [0x00000000e0000000,0x00000000ee900000,0x00000000ee900000)
  from space 38400K, 99% used [0x00000000f1e00000,0x00000000f437dca8,0x00000000f4380000)
  to   space 54272K, 0% used [0x00000000ee900000,0x00000000ee900000,0x00000000f1e00000)
 ParOldGen       total 224256K, used 160199K [0x00000000a0000000, 0x00000000adb00000, 0x00000000e0000000)
  object space 224256K, 71% used [0x00000000a0000000,0x00000000a9c71c98,0x00000000adb00000)
 Metaspace       used 94469K, capacity 98312K, committed 98392K, reserved 1134592K
  class space    used 11858K, capacity 12645K, committed 12672K, reserved 1048576K
Event: 5974.218 GC heap after
Heap after GC invocations=31 (full 4):
 PSYoungGen      total 292864K, used 54261K [0x00000000e0000000, 0x00000000f9880000, 0x0000000100000000)
  eden space 238592K, 0% used [0x00000000e0000000,0x00000000e0000000,0x00000000ee900000)
  from space 54272K, 99% used [0x00000000ee900000,0x00000000f1dfd788,0x00000000f1e00000)
  to   space 69632K, 0% used [0x00000000f5480000,0x00000000f5480000,0x00000000f9880000)
 ParOldGen       total 224256K, used 176783K [0x00000000a0000000, 0x00000000adb00000, 0x00000000e0000000)
  object space 224256K, 78% used [0x00000000a0000000,0x00000000aaca3d50,0x00000000adb00000)
 Metaspace       used 94469K, capacity 98312K, committed 98392K, reserved 1134592K
  class space    used 11858K, capacity 12645K, committed 12672K, reserved 1048576K
}
Event: 7898.554 GC heap before
{Heap before GC invocations=32 (full 4):
 PSYoungGen      total 292864K, used 292853K [0x00000000e0000000, 0x00000000f9880000, 0x0000000100000000)
  eden space 238592K, 100% used [0x00000000e0000000,0x00000000ee900000,0x00000000ee900000)
  from space 54272K, 99% used [0x00000000ee900000,0x00000000f1dfd788,0x00000000f1e00000)
  to   space 69632K, 0% used [0x00000000f5480000,0x00000000f5480000,0x00000000f9880000)
 ParOldGen       total 224256K, used 176783K [0x00000000a0000000, 0x00000000adb00000, 0x00000000e0000000)
  object space 224256K, 78% used [0x00000000a0000000,0x00000000aaca3d50,0x00000000adb00000)
 Metaspace       used 94853K, capacity 98786K, committed 99032K, reserved 1136640K
  class space    used 11876K, capacity 12678K, committed 12800K, reserved 1048576K
Event: 7898.740 GC heap after
Heap after GC invocations=32 (full 4):
 PSYoungGen      total 342016K, used 55940K [0x00000000e0000000, 0x00000000fa080000, 0x0000000100000000)
  eden space 272384K, 0% used [0x00000000e0000000,0x00000000e0000000,0x00000000f0a00000)
  from space 69632K, 80% used [0x00000000f5480000,0x00000000f8b210e0,0x00000000f9880000)
  to   space 76288K, 0% used [0x00000000f0a00000,0x00000000f0a00000,0x00000000f5480000)
 ParOldGen       total 224256K, used 180364K [0x00000000a0000000, 0x00000000adb00000, 0x00000000e0000000)
  object space 224256K, 80% used [0x00000000a0000000,0x00000000ab0230b8,0x00000000adb00000)
 Metaspace       used 94853K, capacity 98786K, committed 99032K, reserved 1136640K
  class space    used 11876K, capacity 12678K, committed 12800K, reserved 1048576K
}
Event: 7902.740 GC heap before
{Heap before GC invocations=33 (full 4):
 PSYoungGen      total 342016K, used 328324K [0x00000000e0000000, 0x00000000fa080000, 0x0000000100000000)
  eden space 272384K, 100% used [0x00000000e0000000,0x00000000f0a00000,0x00000000f0a00000)
  from space 69632K, 80% used [0x00000000f5480000,0x00000000f8b210e0,0x00000000f9880000)
  to   space 76288K, 0% used [0x00000000f0a00000,0x00000000f0a00000,0x00000000f5480000)
 ParOldGen       total 224256K, used 180364K [0x00000000a0000000, 0x00000000adb00000, 0x00000000e0000000)
  object space 224256K, 80% used [0x00000000a0000000,0x00000000ab0230b8,0x00000000adb00000)
 Metaspace       used 95974K, capacity 100052K, committed 100312K, reserved 1136640K
  class space    used 11973K, capacity 12783K, committed 12800K, reserved 1048576K
Event: 7903.036 GC heap after
Heap after GC invocations=33 (full 4):
 PSYoungGen      total 348672K, used 76267K [0x00000000e0000000, 0x0000000100000000, 0x0000000100000000)
  eden space 272384K, 0% used [0x00000000e0000000,0x00000000e0000000,0x00000000f0a00000)
  from space 76288K, 99% used [0x00000000f0a00000,0x00000000f547af30,0x00000000f5480000)
  to   space 111104K, 0% used [0x00000000f9380000,0x00000000f9380000,0x0000000100000000)
 ParOldGen       total 238592K, used 238506K [0x00000000a0000000, 0x00000000ae900000, 0x00000000e0000000)
  object space 238592K, 99% used [0x00000000a0000000,0x00000000ae8ea8b8,0x00000000ae900000)
 Metaspace       used 95974K, capacity 100052K, committed 100312K, reserved 1136640K
  class space    used 11973K, capacity 12783K, committed 12800K, reserved 1048576K
}
Event: 7903.036 GC heap before
{Heap before GC invocations=34 (full 5):
 PSYoungGen      total 348672K, used 76267K [0x00000000e0000000, 0x0000000100000000, 0x0000000100000000)
  eden space 272384K, 0% used [0x00000000e0000000,0x00000000e0000000,0x00000000f0a00000)
  from space 76288K, 99% used [0x00000000f0a00000,0x00000000f547af30,0x00000000f5480000)
  to   space 111104K, 0% used [0x00000000f9380000,0x00000000f9380000,0x0000000100000000)
 ParOldGen       total 238592K, used 238506K [0x00000000a0000000, 0x00000000ae900000, 0x00000000e0000000)
  object space 238592K, 99% used [0x00000000a0000000,0x00000000ae8ea8b8,0x00000000ae900000)
 Metaspace       used 95974K, capacity 100052K, committed 100312K, reserved 1136640K
  class space    used 11973K, capacity 12783K, committed 12800K, reserved 1048576K
Event: 7904.327 GC heap after
Heap after GC invocations=34 (full 5):
 PSYoungGen      total 348672K, used 0K [0x00000000e0000000, 0x0000000100000000, 0x0000000100000000)
  eden space 272384K, 0% used [0x00000000e0000000,0x00000000e0000000,0x00000000f0a00000)
  from space 76288K, 0% used [0x00000000f0a00000,0x00000000f0a00000,0x00000000f5480000)
  to   space 111104K, 0% used [0x00000000f9380000,0x00000000f9380000,0x0000000100000000)
 ParOldGen       total 283648K, used 137653K [0x00000000a0000000, 0x00000000b1500000, 0x00000000e0000000)
  object space 283648K, 48% used [0x00000000a0000000,0x00000000a866d4b0,0x00000000b1500000)
 Metaspace       used 93222K, capacity 96628K, committed 100312K, reserved 1136640K
  class space    used 11636K, capacity 12311K, committed 12800K, reserved 1048576K
}

