# JRE version: OpenJDK Runtime Environment (8.0_202-b03) (build 1.8.0_202-release-1483-b03)
# Java VM: OpenJDK 64-Bit Server VM (25.202-b03 mixed mode windows-amd64 compressed oops)
Heap:
 PSYoungGen      total 274944K, used 37689K [0x00000000e0000000, 0x00000000f7500000, 0x0000000100000000)
  eden space 216576K, 4% used [0x00000000e0000000,0x00000000e08ddb88,0x00000000ed380000)
  from space 58368K, 49% used [0x00000000f3c00000,0x00000000f57f08f8,0x00000000f7500000)
  to   space 31744K, 0% used [0x00000000ed380000,0x00000000ed380000,0x00000000ef280000)
 ParOldGen       total 272896K, used 126609K [0x00000000a0000000, 0x00000000b0a80000, 0x00000000e0000000)
  object space 272896K, 46% used [0x00000000a0000000,0x00000000a7ba47c0,0x00000000b0a80000)
 Metaspace       used 80685K, capacity 83410K, committed 83608K, reserved 1122304K
  class space    used 10306K, capacity 10916K, committed 10920K, reserved 1048576K
GC Heap History (10 events):
Event: 390.211 GC heap before
{Heap before GC invocations=16 (full 3):
 PSYoungGen      total 217600K, used 214627K [0x00000000e0000000, 0x00000000eee00000, 0x0000000100000000)
  eden space 195584K, 100% used [0x00000000e0000000,0x00000000ebf00000,0x00000000ebf00000)
  from space 22016K, 86% used [0x00000000ed680000,0x00000000ee918f50,0x00000000eec00000)
  to   space 24064K, 0% used [0x00000000ebf00000,0x00000000ebf00000,0x00000000ed680000)
 ParOldGen       total 127488K, used 35537K [0x00000000a0000000, 0x00000000a7c80000, 0x00000000e0000000)
  object space 127488K, 27% used [0x00000000a0000000,0x00000000a22b4508,0x00000000a7c80000)
 Metaspace       used 70611K, capacity 73154K, committed 73368K, reserved 1112064K
  class space    used 9267K, capacity 9846K, committed 9896K, reserved 1048576K
Event: 390.274 GC heap after
Heap after GC invocations=16 (full 3):
 PSYoungGen      total 219648K, used 24057K [0x00000000e0000000, 0x00000000f0e80000, 0x0000000100000000)
  eden space 195584K, 0% used [0x00000000e0000000,0x00000000e0000000,0x00000000ebf00000)
  from space 24064K, 99% used [0x00000000ebf00000,0x00000000ed67e600,0x00000000ed680000)
  to   space 28672K, 0% used [0x00000000ef280000,0x00000000ef280000,0x00000000f0e80000)
 ParOldGen       total 127488K, used 38103K [0x00000000a0000000, 0x00000000a7c80000, 0x00000000e0000000)
  object space 127488K, 29% used [0x00000000a0000000,0x00000000a2535fe8,0x00000000a7c80000)
 Metaspace       used 70611K, capacity 73154K, committed 73368K, reserved 1112064K
  class space    used 9267K, capacity 9846K, committed 9896K, reserved 1048576K
}
Event: 396.863 GC heap before
{Heap before GC invocations=17 (full 3):
 PSYoungGen      total 219648K, used 219617K [0x00000000e0000000, 0x00000000f0e80000, 0x0000000100000000)
  eden space 195584K, 99% used [0x00000000e0000000,0x00000000ebefa1a0,0x00000000ebf00000)
  from space 24064K, 99% used [0x00000000ebf00000,0x00000000ed67e600,0x00000000ed680000)
  to   space 28672K, 0% used [0x00000000ef280000,0x00000000ef280000,0x00000000f0e80000)
 ParOldGen       total 127488K, used 38103K [0x00000000a0000000, 0x00000000a7c80000, 0x00000000e0000000)
  object space 127488K, 29% used [0x00000000a0000000,0x00000000a2535fe8,0x00000000a7c80000)
 Metaspace       used 75804K, capacity 78432K, committed 78616K, reserved 1118208K
  class space    used 9896K, capacity 10477K, committed 10536K, reserved 1048576K
Event: 396.961 GC heap after
Heap after GC invocations=17 (full 3):
 PSYoungGen      total 245248K, used 25456K [0x00000000e0000000, 0x00000000f1800000, 0x0000000100000000)
  eden space 216576K, 0% used [0x00000000e0000000,0x00000000e0000000,0x00000000ed380000)
  from space 28672K, 88% used [0x00000000ef280000,0x00000000f0b5c358,0x00000000f0e80000)
  to   space 31744K, 0% used [0x00000000ed380000,0x00000000ed380000,0x00000000ef280000)
 ParOldGen       total 127488K, used 52769K [0x00000000a0000000, 0x00000000a7c80000, 0x00000000e0000000)
  object space 127488K, 41% used [0x00000000a0000000,0x00000000a3388690,0x00000000a7c80000)
 Metaspace       used 75804K, capacity 78432K, committed 78616K, reserved 1118208K
  class space    used 9896K, capacity 10477K, committed 10536K, reserved 1048576K
}
Event: 401.681 GC heap before
{Heap before GC invocations=18 (full 3):
 PSYoungGen      total 245248K, used 242032K [0x00000000e0000000, 0x00000000f1800000, 0x0000000100000000)
  eden space 216576K, 100% used [0x00000000e0000000,0x00000000ed380000,0x00000000ed380000)
  from space 28672K, 88% used [0x00000000ef280000,0x00000000f0b5c358,0x00000000f0e80000)
  to   space 31744K, 0% used [0x00000000ed380000,0x00000000ed380000,0x00000000ef280000)
 ParOldGen       total 127488K, used 52769K [0x00000000a0000000, 0x00000000a7c80000, 0x00000000e0000000)
  object space 127488K, 41% used [0x00000000a0000000,0x00000000a3388690,0x00000000a7c80000)
 Metaspace       used 79182K, capacity 81772K, committed 81944K, reserved 1120256K
  class space    used 10180K, capacity 10735K, committed 10792K, reserved 1048576K
Event: 401.919 GC heap after
Heap after GC invocations=18 (full 3):
 PSYoungGen      total 248320K, used 31733K [0x00000000e0000000, 0x00000000f7500000, 0x0000000100000000)
  eden space 216576K, 0% used [0x00000000e0000000,0x00000000e0000000,0x00000000ed380000)
  from space 31744K, 99% used [0x00000000ed380000,0x00000000ef27d4a8,0x00000000ef280000)
  to   space 58368K, 0% used [0x00000000f3c00000,0x00000000f3c00000,0x00000000f7500000)
 ParOldGen       total 127488K, used 111074K [0x00000000a0000000, 0x00000000a7c80000, 0x00000000e0000000)
  object space 127488K, 87% used [0x00000000a0000000,0x00000000a6c78838,0x00000000a7c80000)
 Metaspace       used 79182K, capacity 81772K, committed 81944K, reserved 1120256K
  class space    used 10180K, capacity 10735K, committed 10792K, reserved 1048576K
}
Event: 401.919 GC heap before
{Heap before GC invocations=19 (full 4):
 PSYoungGen      total 248320K, used 31733K [0x00000000e0000000, 0x00000000f7500000, 0x0000000100000000)
  eden space 216576K, 0% used [0x00000000e0000000,0x00000000e0000000,0x00000000ed380000)
  from space 31744K, 99% used [0x00000000ed380000,0x00000000ef27d4a8,0x00000000ef280000)
  to   space 58368K, 0% used [0x00000000f3c00000,0x00000000f3c00000,0x00000000f7500000)
 ParOldGen       total 127488K, used 111074K [0x00000000a0000000, 0x00000000a7c80000, 0x00000000e0000000)
  object space 127488K, 87% used [0x00000000a0000000,0x00000000a6c78838,0x00000000a7c80000)
 Metaspace       used 79182K, capacity 81772K, committed 81944K, reserved 1120256K
  class space    used 10180K, capacity 10735K, committed 10792K, reserved 1048576K
Event: 403.617 GC heap after
Heap after GC invocations=19 (full 4):
 PSYoungGen      total 248320K, used 0K [0x00000000e0000000, 0x00000000f7500000, 0x0000000100000000)
  eden space 216576K, 0% used [0x00000000e0000000,0x00000000e0000000,0x00000000ed380000)
  from space 31744K, 0% used [0x00000000ed380000,0x00000000ed380000,0x00000000ef280000)
  to   space 58368K, 0% used [0x00000000f3c00000,0x00000000f3c00000,0x00000000f7500000)
 ParOldGen       total 272896K, used 126601K [0x00000000a0000000, 0x00000000b0a80000, 0x00000000e0000000)
  object space 272896K, 46% used [0x00000000a0000000,0x00000000a7ba27c0,0x00000000b0a80000)
 Metaspace       used 79136K, capacity 81636K, committed 81944K, reserved 1120256K
  class space    used 10167K, capacity 10711K, committed 10792K, reserved 1048576K
}
Event: 410.630 GC heap before
{Heap before GC invocations=20 (full 4):
 PSYoungGen      total 248320K, used 216576K [0x00000000e0000000, 0x00000000f7500000, 0x0000000100000000)
  eden space 216576K, 100% used [0x00000000e0000000,0x00000000ed380000,0x00000000ed380000)
  from space 31744K, 0% used [0x00000000ed380000,0x00000000ed380000,0x00000000ef280000)
  to   space 58368K, 0% used [0x00000000f3c00000,0x00000000f3c00000,0x00000000f7500000)
 ParOldGen       total 272896K, used 126601K [0x00000000a0000000, 0x00000000b0a80000, 0x00000000e0000000)
  object space 272896K, 46% used [0x00000000a0000000,0x00000000a7ba27c0,0x00000000b0a80000)
 Metaspace       used 80650K, capacity 83384K, committed 83608K, reserved 1122304K
  class space    used 10301K, capacity 10911K, committed 10920K, reserved 1048576K
Event: 410.758 GC heap after
Heap after GC invocations=20 (full 4):
 PSYoungGen      total 274944K, used 28610K [0x00000000e0000000, 0x00000000f7500000, 0x0000000100000000)
  eden space 216576K, 0% used [0x00000000e0000000,0x00000000e0000000,0x00000000ed380000)
  from space 58368K, 49% used [0x00000000f3c00000,0x00000000f57f08f8,0x00000000f7500000)
  to   space 31744K, 0% used [0x00000000ed380000,0x00000000ed380000,0x00000000ef280000)
 ParOldGen       total 272896K, used 126609K [0x00000000a0000000, 0x00000000b0a80000, 0x00000000e0000000)
  object space 272896K, 46% used [0x00000000a0000000,0x00000000a7ba47c0,0x00000000b0a80000)
 Metaspace       used 80650K, capacity 83384K, committed 83608K, reserved 1122304K
  class space    used 10301K, capacity 10911K, committed 10920K, reserved 1048576K
}

